Using pre-set license
Built from '2020.3/staging' branch; Version is '2020.3.23f1 (c5d91304a876) revision 12966163'; Using compiler version '192528614'; Build Type 'Release'
OS: 'Windows 10 Home; OS build 22000.434; Version 2009; 64bit' Language: 'ko' Physical Memory: 16220 MB
BatchMode: 1, IsHumanControllingUs: 0, StartBugReporterOnCrash: 0, Is64bit: 1, IsPro: 0

COMMAND LINE ARGUMENTS:
C:\Program Files\Unity\Hub\Editor\2020.3.23f1\Editor\Unity.exe
-adb2
-batchMode
-noUpm
-name
AssetImportWorker0
-projectPath
C:/Users/kimiz/OneDrive/바탕 화면/Git_Repos/Unity2D_Deving/PracticeRPG
-logFile
Logs/AssetImportWorker0.log
-srvPort
59363
Successfully changed project path to: C:/Users/kimiz/OneDrive/바탕 화면/Git_Repos/Unity2D_Deving/PracticeRPG
C:/Users/kimiz/OneDrive/바탕 화면/Git_Repos/Unity2D_Deving/PracticeRPG
Using Asset Import Pipeline V2.
Refreshing native plugins compatible for Editor in 61.30 ms, found 3 plugins.
Preloading 0 native plugins for Editor in 0.00 ms.
Initialize engine version: 2020.3.23f1 (c5d91304a876)
[Subsystems] Discovering subsystems at path C:/Program Files/Unity/Hub/Editor/2020.3.23f1/Editor/Data/Resources/UnitySubsystems
[Subsystems] Discovering subsystems at path C:/Users/kimiz/OneDrive/바탕 화면/Git_Repos/Unity2D_Deving/PracticeRPG/Assets
GfxDevice: creating device client; threaded=0
Direct3D:
    Version:  Direct3D 11.0 [level 11.1]
    Renderer: NVIDIA GeForce RTX 3060 Laptop GPU (ID=0x2520)
    Vendor:   
    VRAM:     6023 MB
    Driver:   27.21.14.6242
Initialize mono
Mono path[0] = 'C:/Program Files/Unity/Hub/Editor/2020.3.23f1/Editor/Data/Managed'
Mono path[1] = 'C:/Program Files/Unity/Hub/Editor/2020.3.23f1/Editor/Data/MonoBleedingEdge/lib/mono/unityjit'
Mono config path = 'C:/Program Files/Unity/Hub/Editor/2020.3.23f1/Editor/Data/MonoBleedingEdge/etc'
Using monoOptions --debugger-agent=transport=dt_socket,embedding=1,server=y,suspend=n,address=127.0.0.1:56460
Begin MonoManager ReloadAssembly
Registering precompiled unity dll's ...
Register platform support module: C:/Program Files/Unity/Hub/Editor/2020.3.23f1/Editor/Data/PlaybackEngines/WindowsStandaloneSupport/UnityEditor.WindowsStandalone.Extensions.dll
Registered in 0.001253 seconds.
Native extension for WindowsStandalone target not found
Refreshing native plugins compatible for Editor in 53.89 ms, found 3 plugins.
Preloading 0 native plugins for Editor in 0.00 ms.
Mono: successfully reloaded assembly
- Completed reload, in  0.629 seconds
Domain Reload Profiling:
	ReloadAssembly (629ms)
		BeginReloadAssembly (48ms)
			ExecutionOrderSort (0ms)
			DisableScriptedObjects (0ms)
			BackupInstance (0ms)
			ReleaseScriptingObjects (0ms)
			CreateAndSetChildDomain (1ms)
		EndReloadAssembly (505ms)
			LoadAssemblies (47ms)
			RebuildTransferFunctionScriptingTraits (0ms)
			SetupTypeCache (164ms)
			ReleaseScriptCaches (0ms)
			RebuildScriptCaches (32ms)
			SetupLoadedEditorAssemblies (200ms)
				LogAssemblyErrors (0ms)
				InitializePlatformSupportModulesInManaged (4ms)
				SetLoadedEditorAssemblies (0ms)
				RefreshPlugins (54ms)
				BeforeProcessingInitializeOnLoad (18ms)
				ProcessInitializeOnLoadAttributes (94ms)
				ProcessInitializeOnLoadMethodAttributes (30ms)
				AfterProcessingInitializeOnLoad (0ms)
				EditorAssembliesLoaded (0ms)
			ExecutionOrderSort2 (0ms)
			AwakeInstancesAfterBackupRestoration (0ms)
Platform modules already initialized, skipping
Registering precompiled user dll's ...
Registered in 0.004938 seconds.
Begin MonoManager ReloadAssembly
Native extension for WindowsStandalone target not found
Refreshing native plugins compatible for Editor in 56.76 ms, found 3 plugins.
Preloading 0 native plugins for Editor in 0.00 ms.
Mono: successfully reloaded assembly
- Completed reload, in  1.270 seconds
Domain Reload Profiling:
	ReloadAssembly (1271ms)
		BeginReloadAssembly (150ms)
			ExecutionOrderSort (0ms)
			DisableScriptedObjects (5ms)
			BackupInstance (0ms)
			ReleaseScriptingObjects (0ms)
			CreateAndSetChildDomain (18ms)
		EndReloadAssembly (1053ms)
			LoadAssemblies (97ms)
			RebuildTransferFunctionScriptingTraits (0ms)
			SetupTypeCache (352ms)
			ReleaseScriptCaches (0ms)
			RebuildScriptCaches (62ms)
			SetupLoadedEditorAssemblies (397ms)
				LogAssemblyErrors (0ms)
				InitializePlatformSupportModulesInManaged (4ms)
				SetLoadedEditorAssemblies (0ms)
				RefreshPlugins (57ms)
				BeforeProcessingInitializeOnLoad (90ms)
				ProcessInitializeOnLoadAttributes (222ms)
				ProcessInitializeOnLoadMethodAttributes (18ms)
				AfterProcessingInitializeOnLoad (5ms)
				EditorAssembliesLoaded (0ms)
			ExecutionOrderSort2 (0ms)
			AwakeInstancesAfterBackupRestoration (7ms)
Platform modules already initialized, skipping
========================================================================
Worker process is ready to serve import requests
Launched and connected shader compiler UnityShaderCompiler.exe after 0.07 seconds
Refreshing native plugins compatible for Editor in 0.54 ms, found 3 plugins.
Preloading 0 native plugins for Editor in 0.00 ms.
Unloading 2343 Unused Serialized files (Serialized files now loaded: 0)
System memory in use before: 101.7 MB.
System memory in use after: 101.9 MB.

Unloading 29 unused Assets to reduce memory usage. Loaded Objects now: 2778.
Total: 3.802700 ms (FindLiveObjects: 0.276600 ms CreateObjectMapping: 0.171600 ms MarkObjects: 3.278400 ms  DeleteObjects: 0.074300 ms)

AssetImportParameters requested are different than current active one (requested -> active):
  custom:framework-win-MediaFoundation: 216162199b28c13a410421893ffa2e32 -> 
  custom:video-decoder-ogg-theora: a1e56fd34408186e4bbccfd4996cb3dc -> 
  custom:container-muxer-webm: aa71ff27fc2769a1b78a27578f13a17b -> 
  custom:container-demuxer-webm: 4f35f7cbe854078d1ac9338744f61a02 -> 
  custom:container-demuxer-ogg: 62fdf1f143b41e24485cea50d1cbac27 -> 
  custom:video-encoder-webm-vp8: eb34c28f22e8b96e1ab97ce403110664 -> 
  custom:video-codec-MediaFoundation-h265: 746d11721c4dcdbdad8f713fa42b33f4 -> 
  custom:video-decoder-webm-vp8: 9c59270c3fd7afecdb556c50c9e8de78 -> 
  custom:audio-decoder-ogg-vorbis: bf7c407c2cedff20999df2af8eb42d56 -> 
  custom:audio-encoder-webm-vorbis: bf7c407c2cedff20999df2af8eb42d56 -> 
========================================================================
Received Import Request.
  path: Assets/Prefaps/Monster.prefab
  artifactKey: Guid(6049c55331bfed14fbafacdce72f57a1) Importer(815301076,1909f56bfc062723c751e8b465ee728b)
Start importing Assets/Prefaps/Monster.prefab using Guid(6049c55331bfed14fbafacdce72f57a1) Importer(815301076,1909f56bfc062723c751e8b465ee728b)  -> (artifact id: '158854af521b10125df51839d65a8f3c') in 0.148100 seconds 
  Import took 0.155121 seconds .

========================================================================
Received Import Request.
  Time since last request: 12.033582 seconds.
  path: Assets/Prefaps/Monster.prefab
  artifactKey: Guid(6049c55331bfed14fbafacdce72f57a1) Importer(815301076,1909f56bfc062723c751e8b465ee728b)
Start importing Assets/Prefaps/Monster.prefab using Guid(6049c55331bfed14fbafacdce72f57a1) Importer(815301076,1909f56bfc062723c751e8b465ee728b)  -> (artifact id: 'd1762c3fdf86ac2651b2d3cc6845d972') in 0.017991 seconds 
  Import took 0.026705 seconds .

========================================================================
Received Import Request.
  Time since last request: 7.831284 seconds.
  path: Assets/Prefaps/Monster.prefab
  artifactKey: Guid(6049c55331bfed14fbafacdce72f57a1) Importer(815301076,1909f56bfc062723c751e8b465ee728b)
Start importing Assets/Prefaps/Monster.prefab using Guid(6049c55331bfed14fbafacdce72f57a1) Importer(815301076,1909f56bfc062723c751e8b465ee728b)  -> (artifact id: 'f3a5af863ddde6eab38ef57d95be9b9b') in 0.017951 seconds 
  Import took 0.026556 seconds .

========================================================================
Received Import Request.
  Time since last request: 0.373297 seconds.
  path: Assets/Prefaps/Monster.prefab
  artifactKey: Guid(6049c55331bfed14fbafacdce72f57a1) Importer(815301076,1909f56bfc062723c751e8b465ee728b)
Start importing Assets/Prefaps/Monster.prefab using Guid(6049c55331bfed14fbafacdce72f57a1) Importer(815301076,1909f56bfc062723c751e8b465ee728b)  -> (artifact id: '7f2fd94c32709ce2a6eec805876f0a3c') in 0.013401 seconds 
  Import took 0.023274 seconds .

========================================================================
Received Import Request.
  Time since last request: 1.389482 seconds.
  path: Assets/Prefaps/Monster.prefab
  artifactKey: Guid(6049c55331bfed14fbafacdce72f57a1) Importer(815301076,1909f56bfc062723c751e8b465ee728b)
Start importing Assets/Prefaps/Monster.prefab using Guid(6049c55331bfed14fbafacdce72f57a1) Importer(815301076,1909f56bfc062723c751e8b465ee728b)  -> (artifact id: 'e23c6cee7efee1980aa76657e08738e4') in 0.017142 seconds 
  Import took 0.026271 seconds .

========================================================================
Received Import Request.
  Time since last request: 17.427844 seconds.
  path: Assets/Prefaps/Monster.prefab
  artifactKey: Guid(6049c55331bfed14fbafacdce72f57a1) Importer(815301076,1909f56bfc062723c751e8b465ee728b)
Start importing Assets/Prefaps/Monster.prefab using Guid(6049c55331bfed14fbafacdce72f57a1) Importer(815301076,1909f56bfc062723c751e8b465ee728b)  -> (artifact id: '351c09baccecadec778f5b6aaee13056') in 0.015751 seconds 
  Import took 0.024796 seconds .

========================================================================
Received Import Request.
  Time since last request: 4.816846 seconds.
  path: Assets/Prefaps/Monster.prefab
  artifactKey: Guid(6049c55331bfed14fbafacdce72f57a1) Importer(815301076,1909f56bfc062723c751e8b465ee728b)
Start importing Assets/Prefaps/Monster.prefab using Guid(6049c55331bfed14fbafacdce72f57a1) Importer(815301076,1909f56bfc062723c751e8b465ee728b)  -> (artifact id: '2230919196aac5ab6942b5db12961217') in 0.018905 seconds 
  Import took 0.027726 seconds .

========================================================================
Received Import Request.
  Time since last request: 1.384974 seconds.
  path: Assets/Prefaps/Monster.prefab
  artifactKey: Guid(6049c55331bfed14fbafacdce72f57a1) Importer(815301076,1909f56bfc062723c751e8b465ee728b)
Start importing Assets/Prefaps/Monster.prefab using Guid(6049c55331bfed14fbafacdce72f57a1) Importer(815301076,1909f56bfc062723c751e8b465ee728b)  -> (artifact id: '81ee2268ff752a04692ec8eca136959e') in 0.015254 seconds 
  Import took 0.024376 seconds .

========================================================================
Received Import Request.
  Time since last request: 1.380772 seconds.
  path: Assets/Prefaps/Monster.prefab
  artifactKey: Guid(6049c55331bfed14fbafacdce72f57a1) Importer(815301076,1909f56bfc062723c751e8b465ee728b)
Start importing Assets/Prefaps/Monster.prefab using Guid(6049c55331bfed14fbafacdce72f57a1) Importer(815301076,1909f56bfc062723c751e8b465ee728b)  -> (artifact id: '75efb7b3ff5602f1474f402d5990e565') in 0.016309 seconds 
  Import took 0.025751 seconds .

========================================================================
Received Import Request.
  Time since last request: 4.596831 seconds.
  path: Assets/Prefaps/Monster.prefab
  artifactKey: Guid(6049c55331bfed14fbafacdce72f57a1) Importer(815301076,1909f56bfc062723c751e8b465ee728b)
Start importing Assets/Prefaps/Monster.prefab using Guid(6049c55331bfed14fbafacdce72f57a1) Importer(815301076,1909f56bfc062723c751e8b465ee728b)  -> (artifact id: '9f868501a49524b21f9e7e65262f282a') in 0.016009 seconds 
  Import took 0.025376 seconds .

========================================================================
Received Import Request.
  Time since last request: 1.995936 seconds.
  path: Assets/Prefaps/Monster.prefab
  artifactKey: Guid(6049c55331bfed14fbafacdce72f57a1) Importer(815301076,1909f56bfc062723c751e8b465ee728b)
Start importing Assets/Prefaps/Monster.prefab using Guid(6049c55331bfed14fbafacdce72f57a1) Importer(815301076,1909f56bfc062723c751e8b465ee728b)  -> (artifact id: 'f7758b843ec8c520d23d5910d1378b5b') in 0.014958 seconds 
  Import took 0.024835 seconds .

========================================================================
Received Import Request.
  Time since last request: 1.584695 seconds.
  path: Assets/Prefaps/Monster.prefab
  artifactKey: Guid(6049c55331bfed14fbafacdce72f57a1) Importer(815301076,1909f56bfc062723c751e8b465ee728b)
Start importing Assets/Prefaps/Monster.prefab using Guid(6049c55331bfed14fbafacdce72f57a1) Importer(815301076,1909f56bfc062723c751e8b465ee728b)  -> (artifact id: '8e94d14d57c70cd3e8e26baf906c08c5') in 0.012983 seconds 
  Import took 0.022714 seconds .

========================================================================
Received Import Request.
  Time since last request: 1.192174 seconds.
  path: Assets/Prefaps/Monster.prefab
  artifactKey: Guid(6049c55331bfed14fbafacdce72f57a1) Importer(815301076,1909f56bfc062723c751e8b465ee728b)
Start importing Assets/Prefaps/Monster.prefab using Guid(6049c55331bfed14fbafacdce72f57a1) Importer(815301076,1909f56bfc062723c751e8b465ee728b)  -> (artifact id: 'c67fa4b08d8eb731c52012bc6843f2d3') in 0.017756 seconds 
  Import took 0.026941 seconds .

========================================================================
Received Import Request.
  Time since last request: 2.782537 seconds.
  path: Assets/Prefaps/Monster.prefab
  artifactKey: Guid(6049c55331bfed14fbafacdce72f57a1) Importer(815301076,1909f56bfc062723c751e8b465ee728b)
Start importing Assets/Prefaps/Monster.prefab using Guid(6049c55331bfed14fbafacdce72f57a1) Importer(815301076,1909f56bfc062723c751e8b465ee728b)  -> (artifact id: 'c074c222b0e121bd3c79110fe169c8de') in 0.015244 seconds 
  Import took 0.023982 seconds .

========================================================================
Received Import Request.
  Time since last request: 1.790235 seconds.
  path: Assets/Prefaps/Monster.prefab
  artifactKey: Guid(6049c55331bfed14fbafacdce72f57a1) Importer(815301076,1909f56bfc062723c751e8b465ee728b)
Start importing Assets/Prefaps/Monster.prefab using Guid(6049c55331bfed14fbafacdce72f57a1) Importer(815301076,1909f56bfc062723c751e8b465ee728b)  -> (artifact id: '64d9fa226a3c6b64a1d484b38ddd7485') in 0.015279 seconds 
  Import took 0.024483 seconds .

========================================================================
Received Import Request.
  Time since last request: 1.387227 seconds.
  path: Assets/Prefaps/Monster.prefab
  artifactKey: Guid(6049c55331bfed14fbafacdce72f57a1) Importer(815301076,1909f56bfc062723c751e8b465ee728b)
Start importing Assets/Prefaps/Monster.prefab using Guid(6049c55331bfed14fbafacdce72f57a1) Importer(815301076,1909f56bfc062723c751e8b465ee728b)  -> (artifact id: 'e60620d4e734645cec87ee4a05fe64c2') in 0.016067 seconds 
  Import took 0.025102 seconds .

========================================================================
Received Import Request.
  Time since last request: 2.393543 seconds.
  path: Assets/Prefaps/Monster.prefab
  artifactKey: Guid(6049c55331bfed14fbafacdce72f57a1) Importer(815301076,1909f56bfc062723c751e8b465ee728b)
Start importing Assets/Prefaps/Monster.prefab using Guid(6049c55331bfed14fbafacdce72f57a1) Importer(815301076,1909f56bfc062723c751e8b465ee728b)  -> (artifact id: '2d3477fd836faf8f2af0363c5477568d') in 0.013901 seconds 
  Import took 0.022337 seconds .

========================================================================
Received Import Request.
  Time since last request: 2.798950 seconds.
  path: Assets/Prefaps/Monster.prefab
  artifactKey: Guid(6049c55331bfed14fbafacdce72f57a1) Importer(815301076,1909f56bfc062723c751e8b465ee728b)
Start importing Assets/Prefaps/Monster.prefab using Guid(6049c55331bfed14fbafacdce72f57a1) Importer(815301076,1909f56bfc062723c751e8b465ee728b)  -> (artifact id: '06e4ab6b9a91f3d1898c39655bf0265a') in 0.014977 seconds 
  Import took 0.022064 seconds .

========================================================================
Received Prepare
Registering precompiled user dll's ...
Registered in 0.004991 seconds.
Begin MonoManager ReloadAssembly
Native extension for WindowsStandalone target not found
Refreshing native plugins compatible for Editor in 0.48 ms, found 3 plugins.
Preloading 0 native plugins for Editor in 0.00 ms.
Mono: successfully reloaded assembly
- Completed reload, in  1.163 seconds
Domain Reload Profiling:
	ReloadAssembly (1163ms)
		BeginReloadAssembly (120ms)
			ExecutionOrderSort (0ms)
			DisableScriptedObjects (6ms)
			BackupInstance (0ms)
			ReleaseScriptingObjects (0ms)
			CreateAndSetChildDomain (37ms)
		EndReloadAssembly (975ms)
			LoadAssemblies (99ms)
			RebuildTransferFunctionScriptingTraits (0ms)
			SetupTypeCache (360ms)
			ReleaseScriptCaches (1ms)
			RebuildScriptCaches (51ms)
			SetupLoadedEditorAssemblies (347ms)
				LogAssemblyErrors (0ms)
				InitializePlatformSupportModulesInManaged (5ms)
				SetLoadedEditorAssemblies (1ms)
				RefreshPlugins (1ms)
				BeforeProcessingInitializeOnLoad (93ms)
				ProcessInitializeOnLoadAttributes (229ms)
				ProcessInitializeOnLoadMethodAttributes (13ms)
				AfterProcessingInitializeOnLoad (6ms)
				EditorAssembliesLoaded (0ms)
			ExecutionOrderSort2 (0ms)
			AwakeInstancesAfterBackupRestoration (11ms)
Platform modules already initialized, skipping
Refreshing native plugins compatible for Editor in 0.53 ms, found 3 plugins.
Preloading 0 native plugins for Editor in 0.00 ms.
Unloading 2330 Unused Serialized files (Serialized files now loaded: 0)
System memory in use before: 104.0 MB.
System memory in use after: 104.2 MB.

Unloading 18 unused Assets to reduce memory usage. Loaded Objects now: 2787.
Total: 3.264300 ms (FindLiveObjects: 0.250300 ms CreateObjectMapping: 0.142100 ms MarkObjects: 2.850700 ms  DeleteObjects: 0.019800 ms)

AssetImportParameters requested are different than current active one (requested -> active):
  custom:framework-win-MediaFoundation: 216162199b28c13a410421893ffa2e32 -> 
  custom:video-decoder-ogg-theora: a1e56fd34408186e4bbccfd4996cb3dc -> 
  custom:container-muxer-webm: aa71ff27fc2769a1b78a27578f13a17b -> 
  custom:container-demuxer-webm: 4f35f7cbe854078d1ac9338744f61a02 -> 
  custom:container-demuxer-ogg: 62fdf1f143b41e24485cea50d1cbac27 -> 
  custom:video-encoder-webm-vp8: eb34c28f22e8b96e1ab97ce403110664 -> 
  custom:video-codec-MediaFoundation-h265: 746d11721c4dcdbdad8f713fa42b33f4 -> 
  custom:video-decoder-webm-vp8: 9c59270c3fd7afecdb556c50c9e8de78 -> 
  custom:audio-decoder-ogg-vorbis: bf7c407c2cedff20999df2af8eb42d56 -> 
  custom:audio-encoder-webm-vorbis: bf7c407c2cedff20999df2af8eb42d56 -> 
========================================================================
Received Import Request.
  Time since last request: 143.710839 seconds.
  path: Assets/Scripts/About_Player
  artifactKey: Guid(ff5e6ba64bb076744b66b9f3bbebf256) Importer(815301076,1909f56bfc062723c751e8b465ee728b)
Start importing Assets/Scripts/About_Player using Guid(ff5e6ba64bb076744b66b9f3bbebf256) Importer(815301076,1909f56bfc062723c751e8b465ee728b)  -> (artifact id: '408e3163f4d59a0b6cd39da0c1b3a512') in 0.015735 seconds 
  Import took 0.024124 seconds .

========================================================================
Received Prepare
Registering precompiled user dll's ...
Registered in 0.005473 seconds.
Begin MonoManager ReloadAssembly
Native extension for WindowsStandalone target not found
Refreshing native plugins compatible for Editor in 0.52 ms, found 3 plugins.
Preloading 0 native plugins for Editor in 0.00 ms.
Mono: successfully reloaded assembly
- Completed reload, in  1.213 seconds
Domain Reload Profiling:
	ReloadAssembly (1214ms)
		BeginReloadAssembly (135ms)
			ExecutionOrderSort (0ms)
			DisableScriptedObjects (8ms)
			BackupInstance (0ms)
			ReleaseScriptingObjects (0ms)
			CreateAndSetChildDomain (41ms)
		EndReloadAssembly (1000ms)
			LoadAssemblies (105ms)
			RebuildTransferFunctionScriptingTraits (0ms)
			SetupTypeCache (396ms)
			ReleaseScriptCaches (1ms)
			RebuildScriptCaches (53ms)
			SetupLoadedEditorAssemblies (322ms)
				LogAssemblyErrors (0ms)
				InitializePlatformSupportModulesInManaged (4ms)
				SetLoadedEditorAssemblies (1ms)
				RefreshPlugins (1ms)
				BeforeProcessingInitializeOnLoad (89ms)
				ProcessInitializeOnLoadAttributes (212ms)
				ProcessInitializeOnLoadMethodAttributes (11ms)
				AfterProcessingInitializeOnLoad (5ms)
				EditorAssembliesLoaded (0ms)
			ExecutionOrderSort2 (0ms)
			AwakeInstancesAfterBackupRestoration (8ms)
Platform modules already initialized, skipping
Refreshing native plugins compatible for Editor in 0.49 ms, found 3 plugins.
Preloading 0 native plugins for Editor in 0.00 ms.
Unloading 2330 Unused Serialized files (Serialized files now loaded: 0)
System memory in use before: 104.1 MB.
System memory in use after: 104.3 MB.

Unloading 18 unused Assets to reduce memory usage. Loaded Objects now: 2789.
Total: 2.960300 ms (FindLiveObjects: 0.213700 ms CreateObjectMapping: 0.101100 ms MarkObjects: 2.628800 ms  DeleteObjects: 0.015500 ms)

AssetImportParameters requested are different than current active one (requested -> active):
  custom:framework-win-MediaFoundation: 216162199b28c13a410421893ffa2e32 -> 
  custom:video-decoder-ogg-theora: a1e56fd34408186e4bbccfd4996cb3dc -> 
  custom:container-muxer-webm: aa71ff27fc2769a1b78a27578f13a17b -> 
  custom:container-demuxer-webm: 4f35f7cbe854078d1ac9338744f61a02 -> 
  custom:container-demuxer-ogg: 62fdf1f143b41e24485cea50d1cbac27 -> 
  custom:video-encoder-webm-vp8: eb34c28f22e8b96e1ab97ce403110664 -> 
  custom:video-codec-MediaFoundation-h265: 746d11721c4dcdbdad8f713fa42b33f4 -> 
  custom:video-decoder-webm-vp8: 9c59270c3fd7afecdb556c50c9e8de78 -> 
  custom:audio-decoder-ogg-vorbis: bf7c407c2cedff20999df2af8eb42d56 -> 
  custom:audio-encoder-webm-vorbis: bf7c407c2cedff20999df2af8eb42d56 -> 
========================================================================
Received Import Request.
  Time since last request: 17.903105 seconds.
  path: Assets/Scripts/About_Monster
  artifactKey: Guid(89c251a3b28b97a439d0c9d5cbe0aebd) Importer(815301076,1909f56bfc062723c751e8b465ee728b)
Start importing Assets/Scripts/About_Monster using Guid(89c251a3b28b97a439d0c9d5cbe0aebd) Importer(815301076,1909f56bfc062723c751e8b465ee728b)  -> (artifact id: 'c7f4d690a6fe02752d4b090089258f94') in 0.013064 seconds 
  Import took 0.020495 seconds .

========================================================================
Received Prepare
Registering precompiled user dll's ...
Registered in 0.004964 seconds.
Begin MonoManager ReloadAssembly
Native extension for WindowsStandalone target not found
Refreshing native plugins compatible for Editor in 0.74 ms, found 3 plugins.
Preloading 0 native plugins for Editor in 0.00 ms.
Mono: successfully reloaded assembly
- Completed reload, in  1.386 seconds
Domain Reload Profiling:
	ReloadAssembly (1386ms)
		BeginReloadAssembly (109ms)
			ExecutionOrderSort (0ms)
			DisableScriptedObjects (8ms)
			BackupInstance (0ms)
			ReleaseScriptingObjects (0ms)
			CreateAndSetChildDomain (35ms)
		EndReloadAssembly (1202ms)
			LoadAssemblies (95ms)
			RebuildTransferFunctionScriptingTraits (0ms)
			SetupTypeCache (461ms)
			ReleaseScriptCaches (1ms)
			RebuildScriptCaches (69ms)
			SetupLoadedEditorAssemblies (401ms)
				LogAssemblyErrors (0ms)
				InitializePlatformSupportModulesInManaged (6ms)
				SetLoadedEditorAssemblies (1ms)
				RefreshPlugins (1ms)
				BeforeProcessingInitializeOnLoad (121ms)
				ProcessInitializeOnLoadAttributes (251ms)
				ProcessInitializeOnLoadMethodAttributes (14ms)
				AfterProcessingInitializeOnLoad (6ms)
				EditorAssembliesLoaded (0ms)
			ExecutionOrderSort2 (0ms)
			AwakeInstancesAfterBackupRestoration (11ms)
Platform modules already initialized, skipping
Refreshing native plugins compatible for Editor in 0.57 ms, found 3 plugins.
Preloading 0 native plugins for Editor in 0.00 ms.
Unloading 2330 Unused Serialized files (Serialized files now loaded: 0)
System memory in use before: 104.1 MB.
System memory in use after: 104.3 MB.

Unloading 18 unused Assets to reduce memory usage. Loaded Objects now: 2791.
Total: 3.361400 ms (FindLiveObjects: 0.266300 ms CreateObjectMapping: 0.131000 ms MarkObjects: 2.944700 ms  DeleteObjects: 0.018200 ms)

AssetImportParameters requested are different than current active one (requested -> active):
  custom:framework-win-MediaFoundation: 216162199b28c13a410421893ffa2e32 -> 
  custom:video-decoder-ogg-theora: a1e56fd34408186e4bbccfd4996cb3dc -> 
  custom:container-muxer-webm: aa71ff27fc2769a1b78a27578f13a17b -> 
  custom:container-demuxer-webm: 4f35f7cbe854078d1ac9338744f61a02 -> 
  custom:container-demuxer-ogg: 62fdf1f143b41e24485cea50d1cbac27 -> 
  custom:video-encoder-webm-vp8: eb34c28f22e8b96e1ab97ce403110664 -> 
  custom:video-codec-MediaFoundation-h265: 746d11721c4dcdbdad8f713fa42b33f4 -> 
  custom:video-decoder-webm-vp8: 9c59270c3fd7afecdb556c50c9e8de78 -> 
  custom:audio-decoder-ogg-vorbis: bf7c407c2cedff20999df2af8eb42d56 -> 
  custom:audio-encoder-webm-vorbis: bf7c407c2cedff20999df2af8eb42d56 -> 
========================================================================
Received Import Request.
  Time since last request: 14.243074 seconds.
  path: Assets/Scripts/About_Monster/MonsterScript.cs
  artifactKey: Guid(d2cd1ec4cb03bb545adb79c08984fd77) Importer(815301076,1909f56bfc062723c751e8b465ee728b)
Start importing Assets/Scripts/About_Monster/MonsterScript.cs using Guid(d2cd1ec4cb03bb545adb79c08984fd77) Importer(815301076,1909f56bfc062723c751e8b465ee728b)  -> (artifact id: '84196503973df1bf439b9ceb21c4fd24') in 0.019285 seconds 
  Import took 0.029265 seconds .

========================================================================
Received Import Request.
  Time since last request: 35.695147 seconds.
  path: Assets/Scripts/About_Monster/HitBoxScript.cs
  artifactKey: Guid(2365bd0b1b2694149a0f8aa2259f31e0) Importer(815301076,1909f56bfc062723c751e8b465ee728b)
Start importing Assets/Scripts/About_Monster/HitBoxScript.cs using Guid(2365bd0b1b2694149a0f8aa2259f31e0) Importer(815301076,1909f56bfc062723c751e8b465ee728b)  -> (artifact id: '0dc5bc6a39e416c4397e4dbae296e0cd') in 0.013524 seconds 
  Import took 0.024678 seconds .

========================================================================
Received Prepare
Registering precompiled user dll's ...
Registered in 0.006560 seconds.
Begin MonoManager ReloadAssembly
Native extension for WindowsStandalone target not found
Refreshing native plugins compatible for Editor in 1.04 ms, found 3 plugins.
Preloading 0 native plugins for Editor in 0.00 ms.
Mono: successfully reloaded assembly
- Completed reload, in  1.545 seconds
Domain Reload Profiling:
	ReloadAssembly (1546ms)
		BeginReloadAssembly (149ms)
			ExecutionOrderSort (0ms)
			DisableScriptedObjects (8ms)
			BackupInstance (0ms)
			ReleaseScriptingObjects (0ms)
			CreateAndSetChildDomain (50ms)
		EndReloadAssembly (1304ms)
			LoadAssemblies (139ms)
			RebuildTransferFunctionScriptingTraits (0ms)
			SetupTypeCache (505ms)
			ReleaseScriptCaches (1ms)
			RebuildScriptCaches (57ms)
			SetupLoadedEditorAssemblies (472ms)
				LogAssemblyErrors (0ms)
				InitializePlatformSupportModulesInManaged (10ms)
				SetLoadedEditorAssemblies (1ms)
				RefreshPlugins (1ms)
				BeforeProcessingInitializeOnLoad (109ms)
				ProcessInitializeOnLoadAttributes (332ms)
				ProcessInitializeOnLoadMethodAttributes (13ms)
				AfterProcessingInitializeOnLoad (6ms)
				EditorAssembliesLoaded (0ms)
			ExecutionOrderSort2 (0ms)
			AwakeInstancesAfterBackupRestoration (10ms)
Platform modules already initialized, skipping
Refreshing native plugins compatible for Editor in 0.57 ms, found 3 plugins.
Preloading 0 native plugins for Editor in 0.00 ms.
Unloading 2331 Unused Serialized files (Serialized files now loaded: 0)
System memory in use before: 104.1 MB.
System memory in use after: 104.3 MB.

Unloading 18 unused Assets to reduce memory usage. Loaded Objects now: 2794.
Total: 3.840200 ms (FindLiveObjects: 0.332700 ms CreateObjectMapping: 0.169300 ms MarkObjects: 3.312500 ms  DeleteObjects: 0.024100 ms)

AssetImportParameters requested are different than current active one (requested -> active):
  custom:framework-win-MediaFoundation: 216162199b28c13a410421893ffa2e32 -> 
  custom:video-decoder-ogg-theora: a1e56fd34408186e4bbccfd4996cb3dc -> 
  custom:container-muxer-webm: aa71ff27fc2769a1b78a27578f13a17b -> 
  custom:container-demuxer-webm: 4f35f7cbe854078d1ac9338744f61a02 -> 
  custom:container-demuxer-ogg: 62fdf1f143b41e24485cea50d1cbac27 -> 
  custom:video-encoder-webm-vp8: eb34c28f22e8b96e1ab97ce403110664 -> 
  custom:video-codec-MediaFoundation-h265: 746d11721c4dcdbdad8f713fa42b33f4 -> 
  custom:video-decoder-webm-vp8: 9c59270c3fd7afecdb556c50c9e8de78 -> 
  custom:audio-decoder-ogg-vorbis: bf7c407c2cedff20999df2af8eb42d56 -> 
  custom:audio-encoder-webm-vorbis: bf7c407c2cedff20999df2af8eb42d56 -> 
========================================================================
Received Prepare
Registering precompiled user dll's ...
Registered in 0.006594 seconds.
Begin MonoManager ReloadAssembly
Native extension for WindowsStandalone target not found
Refreshing native plugins compatible for Editor in 0.58 ms, found 3 plugins.
Preloading 0 native plugins for Editor in 0.00 ms.
Mono: successfully reloaded assembly
- Completed reload, in  1.272 seconds
Domain Reload Profiling:
	ReloadAssembly (1273ms)
		BeginReloadAssembly (137ms)
			ExecutionOrderSort (0ms)
			DisableScriptedObjects (9ms)
			BackupInstance (0ms)
			ReleaseScriptingObjects (0ms)
			CreateAndSetChildDomain (43ms)
		EndReloadAssembly (1033ms)
			LoadAssemblies (112ms)
			RebuildTransferFunctionScriptingTraits (0ms)
			SetupTypeCache (367ms)
			ReleaseScriptCaches (1ms)
			RebuildScriptCaches (50ms)
			SetupLoadedEditorAssemblies (379ms)
				LogAssemblyErrors (0ms)
				InitializePlatformSupportModulesInManaged (5ms)
				SetLoadedEditorAssemblies (1ms)
				RefreshPlugins (1ms)
				BeforeProcessingInitializeOnLoad (112ms)
				ProcessInitializeOnLoadAttributes (242ms)
				ProcessInitializeOnLoadMethodAttributes (13ms)
				AfterProcessingInitializeOnLoad (6ms)
				EditorAssembliesLoaded (0ms)
			ExecutionOrderSort2 (0ms)
			AwakeInstancesAfterBackupRestoration (11ms)
Platform modules already initialized, skipping
Refreshing native plugins compatible for Editor in 0.60 ms, found 3 plugins.
Preloading 0 native plugins for Editor in 0.00 ms.
Unloading 2331 Unused Serialized files (Serialized files now loaded: 0)
System memory in use before: 104.0 MB.
System memory in use after: 104.3 MB.

Unloading 18 unused Assets to reduce memory usage. Loaded Objects now: 2796.
Total: 3.442000 ms (FindLiveObjects: 0.270100 ms CreateObjectMapping: 0.141700 ms MarkObjects: 3.005900 ms  DeleteObjects: 0.022600 ms)

AssetImportParameters requested are different than current active one (requested -> active):
  custom:framework-win-MediaFoundation: 216162199b28c13a410421893ffa2e32 -> 
  custom:video-decoder-ogg-theora: a1e56fd34408186e4bbccfd4996cb3dc -> 
  custom:container-muxer-webm: aa71ff27fc2769a1b78a27578f13a17b -> 
  custom:container-demuxer-webm: 4f35f7cbe854078d1ac9338744f61a02 -> 
  custom:container-demuxer-ogg: 62fdf1f143b41e24485cea50d1cbac27 -> 
  custom:video-encoder-webm-vp8: eb34c28f22e8b96e1ab97ce403110664 -> 
  custom:video-codec-MediaFoundation-h265: 746d11721c4dcdbdad8f713fa42b33f4 -> 
  custom:video-decoder-webm-vp8: 9c59270c3fd7afecdb556c50c9e8de78 -> 
  custom:audio-decoder-ogg-vorbis: bf7c407c2cedff20999df2af8eb42d56 -> 
  custom:audio-encoder-webm-vorbis: bf7c407c2cedff20999df2af8eb42d56 -> 
========================================================================
Received Prepare
Registering precompiled user dll's ...
Registered in 0.007587 seconds.
Begin MonoManager ReloadAssembly
Native extension for WindowsStandalone target not found
Refreshing native plugins compatible for Editor in 0.67 ms, found 3 plugins.
Preloading 0 native plugins for Editor in 0.00 ms.
Mono: successfully reloaded assembly
- Completed reload, in  1.345 seconds
Domain Reload Profiling:
	ReloadAssembly (1346ms)
		BeginReloadAssembly (145ms)
			ExecutionOrderSort (0ms)
			DisableScriptedObjects (8ms)
			BackupInstance (0ms)
			ReleaseScriptingObjects (0ms)
			CreateAndSetChildDomain (45ms)
		EndReloadAssembly (1119ms)
			LoadAssemblies (128ms)
			RebuildTransferFunctionScriptingTraits (0ms)
			SetupTypeCache (400ms)
			ReleaseScriptCaches (1ms)
			RebuildScriptCaches (54ms)
			SetupLoadedEditorAssemblies (410ms)
				LogAssemblyErrors (0ms)
				InitializePlatformSupportModulesInManaged (6ms)
				SetLoadedEditorAssemblies (1ms)
				RefreshPlugins (1ms)
				BeforeProcessingInitializeOnLoad (123ms)
				ProcessInitializeOnLoadAttributes (261ms)
				ProcessInitializeOnLoadMethodAttributes (13ms)
				AfterProcessingInitializeOnLoad (5ms)
				EditorAssembliesLoaded (0ms)
			ExecutionOrderSort2 (0ms)
			AwakeInstancesAfterBackupRestoration (10ms)
Platform modules already initialized, skipping
Refreshing native plugins compatible for Editor in 0.52 ms, found 3 plugins.
Preloading 0 native plugins for Editor in 0.00 ms.
Unloading 2331 Unused Serialized files (Serialized files now loaded: 0)
System memory in use before: 104.1 MB.
System memory in use after: 104.4 MB.

Unloading 18 unused Assets to reduce memory usage. Loaded Objects now: 2798.
Total: 3.536200 ms (FindLiveObjects: 0.274800 ms CreateObjectMapping: 0.135900 ms MarkObjects: 3.105700 ms  DeleteObjects: 0.018700 ms)

AssetImportParameters requested are different than current active one (requested -> active):
  custom:framework-win-MediaFoundation: 216162199b28c13a410421893ffa2e32 -> 
  custom:video-decoder-ogg-theora: a1e56fd34408186e4bbccfd4996cb3dc -> 
  custom:container-muxer-webm: aa71ff27fc2769a1b78a27578f13a17b -> 
  custom:container-demuxer-webm: 4f35f7cbe854078d1ac9338744f61a02 -> 
  custom:container-demuxer-ogg: 62fdf1f143b41e24485cea50d1cbac27 -> 
  custom:video-encoder-webm-vp8: eb34c28f22e8b96e1ab97ce403110664 -> 
  custom:video-codec-MediaFoundation-h265: 746d11721c4dcdbdad8f713fa42b33f4 -> 
  custom:video-decoder-webm-vp8: 9c59270c3fd7afecdb556c50c9e8de78 -> 
  custom:audio-decoder-ogg-vorbis: bf7c407c2cedff20999df2af8eb42d56 -> 
  custom:audio-encoder-webm-vorbis: bf7c407c2cedff20999df2af8eb42d56 -> 
========================================================================
Received Prepare
Registering precompiled user dll's ...
Registered in 0.004715 seconds.
Begin MonoManager ReloadAssembly
Native extension for WindowsStandalone target not found
Refreshing native plugins compatible for Editor in 0.52 ms, found 3 plugins.
Preloading 0 native plugins for Editor in 0.00 ms.
Mono: successfully reloaded assembly
- Completed reload, in  1.088 seconds
Domain Reload Profiling:
	ReloadAssembly (1088ms)
		BeginReloadAssembly (115ms)
			ExecutionOrderSort (0ms)
			DisableScriptedObjects (7ms)
			BackupInstance (0ms)
			ReleaseScriptingObjects (0ms)
			CreateAndSetChildDomain (35ms)
		EndReloadAssembly (901ms)
			LoadAssemblies (90ms)
			RebuildTransferFunctionScriptingTraits (0ms)
			SetupTypeCache (304ms)
			ReleaseScriptCaches (1ms)
			RebuildScriptCaches (43ms)
			SetupLoadedEditorAssemblies (339ms)
				LogAssemblyErrors (0ms)
				InitializePlatformSupportModulesInManaged (5ms)
				SetLoadedEditorAssemblies (1ms)
				RefreshPlugins (1ms)
				BeforeProcessingInitializeOnLoad (82ms)
				ProcessInitializeOnLoadAttributes (235ms)
				ProcessInitializeOnLoadMethodAttributes (11ms)
				AfterProcessingInitializeOnLoad (5ms)
				EditorAssembliesLoaded (0ms)
			ExecutionOrderSort2 (0ms)
			AwakeInstancesAfterBackupRestoration (9ms)
Platform modules already initialized, skipping
Refreshing native plugins compatible for Editor in 0.53 ms, found 3 plugins.
Preloading 0 native plugins for Editor in 0.00 ms.
Unloading 2331 Unused Serialized files (Serialized files now loaded: 0)
System memory in use before: 104.1 MB.
System memory in use after: 104.4 MB.

Unloading 18 unused Assets to reduce memory usage. Loaded Objects now: 2800.
Total: 3.185100 ms (FindLiveObjects: 0.240700 ms CreateObjectMapping: 0.123800 ms MarkObjects: 2.799200 ms  DeleteObjects: 0.019800 ms)

AssetImportParameters requested are different than current active one (requested -> active):
  custom:framework-win-MediaFoundation: 216162199b28c13a410421893ffa2e32 -> 
  custom:video-decoder-ogg-theora: a1e56fd34408186e4bbccfd4996cb3dc -> 
  custom:container-muxer-webm: aa71ff27fc2769a1b78a27578f13a17b -> 
  custom:container-demuxer-webm: 4f35f7cbe854078d1ac9338744f61a02 -> 
  custom:container-demuxer-ogg: 62fdf1f143b41e24485cea50d1cbac27 -> 
  custom:video-encoder-webm-vp8: eb34c28f22e8b96e1ab97ce403110664 -> 
  custom:video-codec-MediaFoundation-h265: 746d11721c4dcdbdad8f713fa42b33f4 -> 
  custom:video-decoder-webm-vp8: 9c59270c3fd7afecdb556c50c9e8de78 -> 
  custom:audio-decoder-ogg-vorbis: bf7c407c2cedff20999df2af8eb42d56 -> 
  custom:audio-encoder-webm-vorbis: bf7c407c2cedff20999df2af8eb42d56 -> 
========================================================================
Received Prepare
Registering precompiled user dll's ...
Registered in 0.006769 seconds.
Begin MonoManager ReloadAssembly
Native extension for WindowsStandalone target not found
Refreshing native plugins compatible for Editor in 0.79 ms, found 3 plugins.
Preloading 0 native plugins for Editor in 0.00 ms.
Mono: successfully reloaded assembly
- Completed reload, in  1.123 seconds
Domain Reload Profiling:
	ReloadAssembly (1123ms)
		BeginReloadAssembly (121ms)
			ExecutionOrderSort (0ms)
			DisableScriptedObjects (7ms)
			BackupInstance (0ms)
			ReleaseScriptingObjects (0ms)
			CreateAndSetChildDomain (33ms)
		EndReloadAssembly (934ms)
			LoadAssemblies (91ms)
			RebuildTransferFunctionScriptingTraits (0ms)
			SetupTypeCache (330ms)
			ReleaseScriptCaches (1ms)
			RebuildScriptCaches (51ms)
			SetupLoadedEditorAssemblies (346ms)
				LogAssemblyErrors (0ms)
				InitializePlatformSupportModulesInManaged (4ms)
				SetLoadedEditorAssemblies (1ms)
				RefreshPlugins (1ms)
				BeforeProcessingInitializeOnLoad (92ms)
				ProcessInitializeOnLoadAttributes (232ms)
				ProcessInitializeOnLoadMethodAttributes (11ms)
				AfterProcessingInitializeOnLoad (5ms)
				EditorAssembliesLoaded (0ms)
			ExecutionOrderSort2 (0ms)
			AwakeInstancesAfterBackupRestoration (8ms)
Platform modules already initialized, skipping
Refreshing native plugins compatible for Editor in 0.45 ms, found 3 plugins.
Preloading 0 native plugins for Editor in 0.00 ms.
Unloading 2331 Unused Serialized files (Serialized files now loaded: 0)
System memory in use before: 104.2 MB.
System memory in use after: 104.4 MB.

Unloading 18 unused Assets to reduce memory usage. Loaded Objects now: 2802.
Total: 3.149000 ms (FindLiveObjects: 0.226400 ms CreateObjectMapping: 0.107700 ms MarkObjects: 2.797800 ms  DeleteObjects: 0.015700 ms)

AssetImportParameters requested are different than current active one (requested -> active):
  custom:framework-win-MediaFoundation: 216162199b28c13a410421893ffa2e32 -> 
  custom:video-decoder-ogg-theora: a1e56fd34408186e4bbccfd4996cb3dc -> 
  custom:container-muxer-webm: aa71ff27fc2769a1b78a27578f13a17b -> 
  custom:container-demuxer-webm: 4f35f7cbe854078d1ac9338744f61a02 -> 
  custom:container-demuxer-ogg: 62fdf1f143b41e24485cea50d1cbac27 -> 
  custom:video-encoder-webm-vp8: eb34c28f22e8b96e1ab97ce403110664 -> 
  custom:video-codec-MediaFoundation-h265: 746d11721c4dcdbdad8f713fa42b33f4 -> 
  custom:video-decoder-webm-vp8: 9c59270c3fd7afecdb556c50c9e8de78 -> 
  custom:audio-decoder-ogg-vorbis: bf7c407c2cedff20999df2af8eb42d56 -> 
  custom:audio-encoder-webm-vorbis: bf7c407c2cedff20999df2af8eb42d56 -> 
========================================================================
Received Import Request.
  Time since last request: 1847.621517 seconds.
  path: Assets/Scripts/About_Monster/HitBoxScript.cs
  artifactKey: Guid(2365bd0b1b2694149a0f8aa2259f31e0) Importer(815301076,1909f56bfc062723c751e8b465ee728b)
Start importing Assets/Scripts/About_Monster/HitBoxScript.cs using Guid(2365bd0b1b2694149a0f8aa2259f31e0) Importer(815301076,1909f56bfc062723c751e8b465ee728b)  -> (artifact id: '2d63592ff3ebf79007ca7f35cf57aaa9') in 0.006593 seconds 
  Import took 0.014627 seconds .

========================================================================
Received Prepare
Registering precompiled user dll's ...
Registered in 0.005689 seconds.
Begin MonoManager ReloadAssembly
Native extension for WindowsStandalone target not found
Refreshing native plugins compatible for Editor in 0.67 ms, found 3 plugins.
Preloading 0 native plugins for Editor in 0.00 ms.
Mono: successfully reloaded assembly
- Completed reload, in  1.574 seconds
Domain Reload Profiling:
	ReloadAssembly (1574ms)
		BeginReloadAssembly (210ms)
			ExecutionOrderSort (0ms)
			DisableScriptedObjects (13ms)
			BackupInstance (0ms)
			ReleaseScriptingObjects (0ms)
			CreateAndSetChildDomain (68ms)
		EndReloadAssembly (1251ms)
			LoadAssemblies (179ms)
			RebuildTransferFunctionScriptingTraits (0ms)
			SetupTypeCache (471ms)
			ReleaseScriptCaches (3ms)
			RebuildScriptCaches (68ms)
			SetupLoadedEditorAssemblies (384ms)
				LogAssemblyErrors (0ms)
				InitializePlatformSupportModulesInManaged (5ms)
				SetLoadedEditorAssemblies (1ms)
				RefreshPlugins (1ms)
				BeforeProcessingInitializeOnLoad (94ms)
				ProcessInitializeOnLoadAttributes (264ms)
				ProcessInitializeOnLoadMethodAttributes (13ms)
				AfterProcessingInitializeOnLoad (6ms)
				EditorAssembliesLoaded (0ms)
			ExecutionOrderSort2 (0ms)
			AwakeInstancesAfterBackupRestoration (17ms)
Platform modules already initialized, skipping
Refreshing native plugins compatible for Editor in 0.71 ms, found 3 plugins.
Preloading 0 native plugins for Editor in 0.00 ms.
Unloading 2331 Unused Serialized files (Serialized files now loaded: 0)
System memory in use before: 104.2 MB.
System memory in use after: 104.4 MB.

Unloading 18 unused Assets to reduce memory usage. Loaded Objects now: 2804.
Total: 3.541400 ms (FindLiveObjects: 0.283600 ms CreateObjectMapping: 0.146900 ms MarkObjects: 3.086000 ms  DeleteObjects: 0.023400 ms)

AssetImportParameters requested are different than current active one (requested -> active):
  custom:framework-win-MediaFoundation: 216162199b28c13a410421893ffa2e32 -> 
  custom:video-decoder-ogg-theora: a1e56fd34408186e4bbccfd4996cb3dc -> 
  custom:container-muxer-webm: aa71ff27fc2769a1b78a27578f13a17b -> 
  custom:container-demuxer-webm: 4f35f7cbe854078d1ac9338744f61a02 -> 
  custom:container-demuxer-ogg: 62fdf1f143b41e24485cea50d1cbac27 -> 
  custom:video-encoder-webm-vp8: eb34c28f22e8b96e1ab97ce403110664 -> 
  custom:video-codec-MediaFoundation-h265: 746d11721c4dcdbdad8f713fa42b33f4 -> 
  custom:video-decoder-webm-vp8: 9c59270c3fd7afecdb556c50c9e8de78 -> 
  custom:audio-decoder-ogg-vorbis: bf7c407c2cedff20999df2af8eb42d56 -> 
  custom:audio-encoder-webm-vorbis: bf7c407c2cedff20999df2af8eb42d56 -> 
========================================================================
Received Prepare
Registering precompiled user dll's ...
Registered in 0.005088 seconds.
Begin MonoManager ReloadAssembly
Native extension for WindowsStandalone target not found
Refreshing native plugins compatible for Editor in 0.54 ms, found 3 plugins.
Preloading 0 native plugins for Editor in 0.00 ms.
Mono: successfully reloaded assembly
- Completed reload, in  1.219 seconds
Domain Reload Profiling:
	ReloadAssembly (1220ms)
		BeginReloadAssembly (112ms)
			ExecutionOrderSort (0ms)
			DisableScriptedObjects (7ms)
			BackupInstance (0ms)
			ReleaseScriptingObjects (0ms)
			CreateAndSetChildDomain (33ms)
		EndReloadAssembly (1041ms)
			LoadAssemblies (95ms)
			RebuildTransferFunctionScriptingTraits (0ms)
			SetupTypeCache (346ms)
			ReleaseScriptCaches (1ms)
			RebuildScriptCaches (54ms)
			SetupLoadedEditorAssemblies (419ms)
				LogAssemblyErrors (0ms)
				InitializePlatformSupportModulesInManaged (4ms)
				SetLoadedEditorAssemblies (1ms)
				RefreshPlugins (1ms)
				BeforeProcessingInitializeOnLoad (109ms)
				ProcessInitializeOnLoadAttributes (288ms)
				ProcessInitializeOnLoadMethodAttributes (12ms)
				AfterProcessingInitializeOnLoad (5ms)
				EditorAssembliesLoaded (0ms)
			ExecutionOrderSort2 (0ms)
			AwakeInstancesAfterBackupRestoration (11ms)
Platform modules already initialized, skipping
Refreshing native plugins compatible for Editor in 0.64 ms, found 3 plugins.
Preloading 0 native plugins for Editor in 0.00 ms.
Unloading 2331 Unused Serialized files (Serialized files now loaded: 0)
System memory in use before: 104.1 MB.
System memory in use after: 104.3 MB.

Unloading 18 unused Assets to reduce memory usage. Loaded Objects now: 2806.
Total: 3.290800 ms (FindLiveObjects: 0.227300 ms CreateObjectMapping: 0.115600 ms MarkObjects: 2.925800 ms  DeleteObjects: 0.020600 ms)

AssetImportParameters requested are different than current active one (requested -> active):
  custom:framework-win-MediaFoundation: 216162199b28c13a410421893ffa2e32 -> 
  custom:video-decoder-ogg-theora: a1e56fd34408186e4bbccfd4996cb3dc -> 
  custom:container-muxer-webm: aa71ff27fc2769a1b78a27578f13a17b -> 
  custom:container-demuxer-webm: 4f35f7cbe854078d1ac9338744f61a02 -> 
  custom:container-demuxer-ogg: 62fdf1f143b41e24485cea50d1cbac27 -> 
  custom:video-encoder-webm-vp8: eb34c28f22e8b96e1ab97ce403110664 -> 
  custom:video-codec-MediaFoundation-h265: 746d11721c4dcdbdad8f713fa42b33f4 -> 
  custom:video-decoder-webm-vp8: 9c59270c3fd7afecdb556c50c9e8de78 -> 
  custom:audio-decoder-ogg-vorbis: bf7c407c2cedff20999df2af8eb42d56 -> 
  custom:audio-encoder-webm-vorbis: bf7c407c2cedff20999df2af8eb42d56 -> 
========================================================================
Received Prepare
Registering precompiled user dll's ...
Registered in 0.005254 seconds.
Begin MonoManager ReloadAssembly
Native extension for WindowsStandalone target not found
Refreshing native plugins compatible for Editor in 0.48 ms, found 3 plugins.
Preloading 0 native plugins for Editor in 0.00 ms.
Mono: successfully reloaded assembly
- Completed reload, in  1.162 seconds
Domain Reload Profiling:
	ReloadAssembly (1163ms)
		BeginReloadAssembly (106ms)
			ExecutionOrderSort (0ms)
			DisableScriptedObjects (7ms)
			BackupInstance (0ms)
			ReleaseScriptingObjects (0ms)
			CreateAndSetChildDomain (36ms)
		EndReloadAssembly (994ms)
			LoadAssemblies (85ms)
			RebuildTransferFunctionScriptingTraits (0ms)
			SetupTypeCache (389ms)
			ReleaseScriptCaches (1ms)
			RebuildScriptCaches (48ms)
			SetupLoadedEditorAssemblies (352ms)
				LogAssemblyErrors (0ms)
				InitializePlatformSupportModulesInManaged (4ms)
				SetLoadedEditorAssemblies (1ms)
				RefreshPlugins (1ms)
				BeforeProcessingInitializeOnLoad (101ms)
				ProcessInitializeOnLoadAttributes (228ms)
				ProcessInitializeOnLoadMethodAttributes (12ms)
				AfterProcessingInitializeOnLoad (5ms)
				EditorAssembliesLoaded (0ms)
			ExecutionOrderSort2 (0ms)
			AwakeInstancesAfterBackupRestoration (12ms)
Platform modules already initialized, skipping
Refreshing native plugins compatible for Editor in 0.53 ms, found 3 plugins.
Preloading 0 native plugins for Editor in 0.00 ms.
Unloading 2331 Unused Serialized files (Serialized files now loaded: 0)
System memory in use before: 104.2 MB.
System memory in use after: 104.4 MB.

Unloading 18 unused Assets to reduce memory usage. Loaded Objects now: 2808.
Total: 3.020000 ms (FindLiveObjects: 0.226200 ms CreateObjectMapping: 0.111400 ms MarkObjects: 2.609900 ms  DeleteObjects: 0.071500 ms)

AssetImportParameters requested are different than current active one (requested -> active):
  custom:framework-win-MediaFoundation: 216162199b28c13a410421893ffa2e32 -> 
  custom:video-decoder-ogg-theora: a1e56fd34408186e4bbccfd4996cb3dc -> 
  custom:container-muxer-webm: aa71ff27fc2769a1b78a27578f13a17b -> 
  custom:container-demuxer-webm: 4f35f7cbe854078d1ac9338744f61a02 -> 
  custom:container-demuxer-ogg: 62fdf1f143b41e24485cea50d1cbac27 -> 
  custom:video-encoder-webm-vp8: eb34c28f22e8b96e1ab97ce403110664 -> 
  custom:video-codec-MediaFoundation-h265: 746d11721c4dcdbdad8f713fa42b33f4 -> 
  custom:video-decoder-webm-vp8: 9c59270c3fd7afecdb556c50c9e8de78 -> 
  custom:audio-decoder-ogg-vorbis: bf7c407c2cedff20999df2af8eb42d56 -> 
  custom:audio-encoder-webm-vorbis: bf7c407c2cedff20999df2af8eb42d56 -> 
========================================================================
Received Import Request.
  Time since last request: 3466.592493 seconds.
  path: Assets/Prefaps/Monster.prefab
  artifactKey: Guid(6049c55331bfed14fbafacdce72f57a1) Importer(815301076,1909f56bfc062723c751e8b465ee728b)
Start importing Assets/Prefaps/Monster.prefab using Guid(6049c55331bfed14fbafacdce72f57a1) Importer(815301076,1909f56bfc062723c751e8b465ee728b)  -> (artifact id: '52a382a4aaf62ab05ffcc4ab845760e1') in 0.125310 seconds 
  Import took 0.133370 seconds .

========================================================================
Received Import Request.
  Time since last request: 641.154903 seconds.
  path: Assets/Resources/Player_Attack.png
  artifactKey: Guid(8a6ec81be40ba7a44b5dcb1cd179d1bd) Importer(815301076,1909f56bfc062723c751e8b465ee728b)
Start importing Assets/Resources/Player_Attack.png using Guid(8a6ec81be40ba7a44b5dcb1cd179d1bd) Importer(815301076,1909f56bfc062723c751e8b465ee728b)  -> (artifact id: '351698b5121b8a34bc4cb34be5d8c895') in 0.121237 seconds 
  Import took 0.129484 seconds .

========================================================================
Received Import Request.
  Time since last request: 0.000257 seconds.
  path: Assets/Resources/Player_Idle.png
  artifactKey: Guid(7795d6498cfefab4db3d3b0b7dc608c7) Importer(815301076,1909f56bfc062723c751e8b465ee728b)
Start importing Assets/Resources/Player_Idle.png using Guid(7795d6498cfefab4db3d3b0b7dc608c7) Importer(815301076,1909f56bfc062723c751e8b465ee728b)  -> (artifact id: 'bb4702a5ce2c52a57ee0aa5a26ac8149') in 0.026418 seconds 
  Import took 0.034528 seconds .

========================================================================
Received Import Request.
  Time since last request: 0.000271 seconds.
  path: Assets/Resources/Player_Walk.png
  artifactKey: Guid(8e223e2285d91e54eb079557a8aa723b) Importer(815301076,1909f56bfc062723c751e8b465ee728b)
Start importing Assets/Resources/Player_Walk.png using Guid(8e223e2285d91e54eb079557a8aa723b) Importer(815301076,1909f56bfc062723c751e8b465ee728b)  -> (artifact id: '8b2116c59450d60f381a3d42dd369567') in 0.024937 seconds 
  Import took 0.033810 seconds .

========================================================================
Received Import Request.
  Time since last request: 0.000274 seconds.
  path: Assets/Resources/Player_Jump.png
  artifactKey: Guid(d446a893b8f4ac34ab7d118882d7c33c) Importer(815301076,1909f56bfc062723c751e8b465ee728b)
Start importing Assets/Resources/Player_Jump.png using Guid(d446a893b8f4ac34ab7d118882d7c33c) Importer(815301076,1909f56bfc062723c751e8b465ee728b)  -> (artifact id: '9b401175705fbe13e12532800281f162') in 0.024402 seconds 
  Import took 0.033419 seconds .

========================================================================
Received Import Request.
  Time since last request: 20.802783 seconds.
  path: Assets/Resources/Player_Attack.png
  artifactKey: Guid(8a6ec81be40ba7a44b5dcb1cd179d1bd) Importer(815301076,1909f56bfc062723c751e8b465ee728b)
Start importing Assets/Resources/Player_Attack.png using Guid(8a6ec81be40ba7a44b5dcb1cd179d1bd) Importer(815301076,1909f56bfc062723c751e8b465ee728b)  -> (artifact id: 'f7ebd9c7806c0624f27bcd6271d56750') in 0.017223 seconds 
  Import took 0.026918 seconds .

========================================================================
Received Import Request.
  Time since last request: 0.000286 seconds.
  path: Assets/Resources/Player_Idle.png
  artifactKey: Guid(7795d6498cfefab4db3d3b0b7dc608c7) Importer(815301076,1909f56bfc062723c751e8b465ee728b)
Start importing Assets/Resources/Player_Idle.png using Guid(7795d6498cfefab4db3d3b0b7dc608c7) Importer(815301076,1909f56bfc062723c751e8b465ee728b)  -> (artifact id: '3ab6bc3f6d6280605936382e63bf7c86') in 0.019133 seconds 
  Import took 0.028092 seconds .

========================================================================
Received Import Request.
  Time since last request: 0.000266 seconds.
  path: Assets/Resources/Player_Walk.png
  artifactKey: Guid(8e223e2285d91e54eb079557a8aa723b) Importer(815301076,1909f56bfc062723c751e8b465ee728b)
Start importing Assets/Resources/Player_Walk.png using Guid(8e223e2285d91e54eb079557a8aa723b) Importer(815301076,1909f56bfc062723c751e8b465ee728b)  -> (artifact id: '732451121de9a7c135861a0bed0eeb97') in 0.019184 seconds 
  Import took 0.029208 seconds .

========================================================================
Received Import Request.
  Time since last request: 0.000286 seconds.
  path: Assets/Resources/Player_Jump.png
  artifactKey: Guid(d446a893b8f4ac34ab7d118882d7c33c) Importer(815301076,1909f56bfc062723c751e8b465ee728b)
Start importing Assets/Resources/Player_Jump.png using Guid(d446a893b8f4ac34ab7d118882d7c33c) Importer(815301076,1909f56bfc062723c751e8b465ee728b)  -> (artifact id: '1532261b6dc47901f0efe0d7fdeb0f54') in 0.017112 seconds 
  Import took 0.028636 seconds .

========================================================================
Received Import Request.
  Time since last request: 7.337478 seconds.
  path: Assets/Resources/Player_Jump.png
  artifactKey: Guid(d446a893b8f4ac34ab7d118882d7c33c) Importer(815301076,1909f56bfc062723c751e8b465ee728b)
Start importing Assets/Resources/Player_Jump.png using Guid(d446a893b8f4ac34ab7d118882d7c33c) Importer(815301076,1909f56bfc062723c751e8b465ee728b)  -> (artifact id: 'e1de320939a8578427da5962595ba7fb') in 0.021245 seconds 
  Import took 0.029229 seconds .

========================================================================
Received Import Request.
  Time since last request: 128.262316 seconds.
  path: Assets/Resources/Player_Idle.png
  artifactKey: Guid(7795d6498cfefab4db3d3b0b7dc608c7) Importer(815301076,1909f56bfc062723c751e8b465ee728b)
Start importing Assets/Resources/Player_Idle.png using Guid(7795d6498cfefab4db3d3b0b7dc608c7) Importer(815301076,1909f56bfc062723c751e8b465ee728b)  -> (artifact id: 'f084d1dc945e2641e830f54e00e36926') in 0.040754 seconds 
  Import took 0.050324 seconds .

========================================================================
Received Import Request.
  Time since last request: 34.127300 seconds.
  path: Assets/Resources/Player_Attack.png
  artifactKey: Guid(8a6ec81be40ba7a44b5dcb1cd179d1bd) Importer(815301076,1909f56bfc062723c751e8b465ee728b)
Start importing Assets/Resources/Player_Attack.png using Guid(8a6ec81be40ba7a44b5dcb1cd179d1bd) Importer(815301076,1909f56bfc062723c751e8b465ee728b)  -> (artifact id: 'f5ee7a4dd5654f9e4fc53bbce99cd583') in 0.023373 seconds 
  Import took 0.033228 seconds .

========================================================================
Received Import Request.
  Time since last request: 15.405361 seconds.
  path: Assets/Resources/Player_Walk.png
  artifactKey: Guid(8e223e2285d91e54eb079557a8aa723b) Importer(815301076,1909f56bfc062723c751e8b465ee728b)
Start importing Assets/Resources/Player_Walk.png using Guid(8e223e2285d91e54eb079557a8aa723b) Importer(815301076,1909f56bfc062723c751e8b465ee728b)  -> (artifact id: '2dda044a04300bbf5819637ef00359b3') in 0.031536 seconds 
  Import took 0.040094 seconds .

AssetImportWorkerClient::OnTransportError - code=2 error=End of file
